19:37:13.184 INFO - Selenium build info: version: '3.9.1', revision: '63f7b50'
19:37:13.185 INFO - Launching a standalone Selenium Server on port 4444
2018-10-31 19:37:13.294:INFO::main: Logging initialized @420ms to org.seleniumhq.jetty9.util.log.StdErrLog
2018-10-31 19:37:13.442:INFO:osjs.Server:main: jetty-9.4.7.v20170914, build timestamp: 2017-11-22T05:27:37+08:00, git hash: 82b8fb23f757335bb3329d540ce37a2a2615f0a8
2018-10-31 19:37:13.470:WARN:osjs.SecurityHandler:main: ServletContext@o.s.j.s.ServletContextHandler@6325a3ee{/,null,STARTING} has uncovered http methods for path: /
2018-10-31 19:37:13.475:INFO:osjsh.ContextHandler:main: Started o.s.j.s.ServletContextHandler@6325a3ee{/,null,AVAILABLE}
2018-10-31 19:37:13.626:INFO:osjs.AbstractConnector:main: Started ServerConnector@6f2f661f{HTTP/1.1,[http/1.1]}{0.0.0.0:4444}
2018-10-31 19:37:13.627:INFO:osjs.Server:main: Started @753ms
19:37:13.627 INFO - Selenium Server is up and running on port 4444
2018-10-31 19:37:13.878:INFO:osjshC.ROOT:qtp1389647288-18: org.openqa.selenium.remote.server.WebDriverServlet-68c4039c: Initialising WebDriverServlet
19:37:13.955 INFO - Found handler: org.openqa.selenium.remote.server.commandhandler.BeginSession@700e180
19:37:13.960 INFO - /session: Executing POST on /session (handler: BeginSession)
19:37:14.037 INFO - Capabilities are: Capabilities {acceptSslCerts: true, browserName: chrome, javascriptEnabled: true, name: Demo}
19:37:14.039 INFO - Capabilities {acceptSslCerts: true, browserName: chrome, javascriptEnabled: true, name: Demo} matched class org.openqa.selenium.remote.server.ServicedSession$Factory (provider: org.openqa.selenium.chrome.ChromeDriverService)
Starting ChromeDriver 2.43.600210 (68dcf5eebde37173d4027fa8635e332711d2874a) on port 3127
Only local connections are allowed.
19:37:17.421 INFO - Detected dialect: OSS
19:37:17.813 INFO - Found handler: org.openqa.selenium.remote.server.ServicedSession@54a64ea4
19:37:17.813 INFO - Handler thread for session 738b5e2bf1e0e4f562cc494eb16e71aa (chrome): Executing POST on /session/738b5e2bf1e0e4f562cc494eb16e71aa/url (handler: ServicedSession)
19:37:17.816 INFO - To upstream: {"url":"http://192.168.36.93:18802/cmt/view/index.html#/login"}
19:37:18.828 INFO - To downstream: {"sessionId":"738b5e2bf1e0e4f562cc494eb16e71aa","status":0,"value":null}
19:37:18.834 INFO - Found handler: org.openqa.selenium.remote.server.ServicedSession@54a64ea4
19:37:18.834 INFO - Handler thread for session 738b5e2bf1e0e4f562cc494eb16e71aa (chrome): Executing POST on /session/738b5e2bf1e0e4f562cc494eb16e71aa/window/current/maximize (handler: ServicedSession)
19:37:18.835 INFO - To upstream: 
19:37:19.946 INFO - To downstream: {"sessionId":"738b5e2bf1e0e4f562cc494eb16e71aa","status":0,"value":{"height":744,"width":1382,"x":-8,"y":-8}}
19:37:19.951 INFO - Found handler: org.openqa.selenium.remote.server.ServicedSession@54a64ea4
19:37:19.952 INFO - Handler thread for session 738b5e2bf1e0e4f562cc494eb16e71aa (chrome): Executing POST on /session/738b5e2bf1e0e4f562cc494eb16e71aa/elements (handler: ServicedSession)
19:37:19.953 INFO - To upstream: {"using":"css selector","value":"body"}
19:37:19.971 INFO - To downstream: {"sessionId":"738b5e2bf1e0e4f562cc494eb16e71aa","status":0,"value":[{"ELEMENT":"0.16413886392598864-1"}]}
19:37:19.975 INFO - Found handler: org.openqa.selenium.remote.server.ServicedSession@54a64ea4
19:37:19.975 INFO - Handler thread for session 738b5e2bf1e0e4f562cc494eb16e71aa (chrome): Executing GET on /session/738b5e2bf1e0e4f562cc494eb16e71aa/element/0.16413886392598864-1/displayed (handler: ServicedSession)
19:37:19.991 INFO - To downstream: {"sessionId":"738b5e2bf1e0e4f562cc494eb16e71aa","status":0,"value":true}
19:37:21.994 INFO - Found handler: org.openqa.selenium.remote.server.ServicedSession@54a64ea4
19:37:21.995 INFO - Handler thread for session 738b5e2bf1e0e4f562cc494eb16e71aa (chrome): Executing POST on /session/738b5e2bf1e0e4f562cc494eb16e71aa/elements (handler: ServicedSession)
19:37:21.996 INFO - To upstream: {"using":"css selector","value":"#loginForm .submit"}
19:37:22.014 INFO - To downstream: {"sessionId":"738b5e2bf1e0e4f562cc494eb16e71aa","status":0,"value":[{"ELEMENT":"0.16413886392598864-2"}]}
19:37:22.018 INFO - Found handler: org.openqa.selenium.remote.server.ServicedSession@54a64ea4
19:37:22.018 INFO - Handler thread for session 738b5e2bf1e0e4f562cc494eb16e71aa (chrome): Executing GET on /session/738b5e2bf1e0e4f562cc494eb16e71aa/element/0.16413886392598864-2/displayed (handler: ServicedSession)
19:37:22.037 INFO - To downstream: {"sessionId":"738b5e2bf1e0e4f562cc494eb16e71aa","status":0,"value":true}
19:37:22.042 INFO - Found handler: org.openqa.selenium.remote.server.ServicedSession@54a64ea4
19:37:22.042 INFO - Handler thread for session 738b5e2bf1e0e4f562cc494eb16e71aa (chrome): Executing POST on /session/738b5e2bf1e0e4f562cc494eb16e71aa/element (handler: ServicedSession)
19:37:22.043 INFO - To upstream: {"using":"css selector","value":".user-wrap .user"}
19:37:22.061 INFO - To downstream: {"sessionId":"738b5e2bf1e0e4f562cc494eb16e71aa","status":0,"value":{"ELEMENT":"0.16413886392598864-3"}}
19:37:22.065 INFO - Found handler: org.openqa.selenium.remote.server.ServicedSession@54a64ea4
19:37:22.065 INFO - Handler thread for session 738b5e2bf1e0e4f562cc494eb16e71aa (chrome): Executing POST on /session/738b5e2bf1e0e4f562cc494eb16e71aa/element/0.16413886392598864-3/value (handler: ServicedSession)
19:37:22.066 INFO - To upstream: {"value":["a","d","m","i","n"]}
19:37:22.126 INFO - To downstream: {"sessionId":"738b5e2bf1e0e4f562cc494eb16e71aa","status":0,"value":null}
19:37:22.130 INFO - Found handler: org.openqa.selenium.remote.server.ServicedSession@54a64ea4
19:37:22.130 INFO - Handler thread for session 738b5e2bf1e0e4f562cc494eb16e71aa (chrome): Executing POST on /session/738b5e2bf1e0e4f562cc494eb16e71aa/element (handler: ServicedSession)
19:37:22.131 INFO - To upstream: {"using":"css selector","value":".password-wrap .password"}
19:37:22.149 INFO - To downstream: {"sessionId":"738b5e2bf1e0e4f562cc494eb16e71aa","status":0,"value":{"ELEMENT":"0.16413886392598864-4"}}
19:37:22.152 INFO - Found handler: org.openqa.selenium.remote.server.ServicedSession@54a64ea4
19:37:22.153 INFO - Handler thread for session 738b5e2bf1e0e4f562cc494eb16e71aa (chrome): Executing POST on /session/738b5e2bf1e0e4f562cc494eb16e71aa/element/0.16413886392598864-4/value (handler: ServicedSession)
19:37:22.154 INFO - To upstream: {"value":["a","d","m","i","n"]}
19:37:22.203 INFO - To downstream: {"sessionId":"738b5e2bf1e0e4f562cc494eb16e71aa","status":0,"value":null}
19:37:22.207 INFO - Found handler: org.openqa.selenium.remote.server.ServicedSession@54a64ea4
19:37:22.207 INFO - Handler thread for session 738b5e2bf1e0e4f562cc494eb16e71aa (chrome): Executing POST on /session/738b5e2bf1e0e4f562cc494eb16e71aa/element (handler: ServicedSession)
19:37:22.208 INFO - To upstream: {"using":"css selector","value":"#loginForm .submit"}
19:37:22.225 INFO - To downstream: {"sessionId":"738b5e2bf1e0e4f562cc494eb16e71aa","status":0,"value":{"ELEMENT":"0.16413886392598864-2"}}
19:37:22.229 INFO - Found handler: org.openqa.selenium.remote.server.ServicedSession@54a64ea4
19:37:22.229 INFO - Handler thread for session 738b5e2bf1e0e4f562cc494eb16e71aa (chrome): Executing POST on /session/738b5e2bf1e0e4f562cc494eb16e71aa/element/0.16413886392598864-2/click (handler: ServicedSession)
19:37:22.230 INFO - To upstream: 
19:37:22.292 INFO - To downstream: {"sessionId":"738b5e2bf1e0e4f562cc494eb16e71aa","status":0,"value":null}
19:37:22.301 INFO - Found handler: org.openqa.selenium.remote.server.ServicedSession@54a64ea4
19:37:22.301 INFO - Handler thread for session 738b5e2bf1e0e4f562cc494eb16e71aa (chrome): Executing POST on /session/738b5e2bf1e0e4f562cc494eb16e71aa/frame/parent (handler: ServicedSession)
19:37:22.302 INFO - To upstream: 
19:37:22.307 INFO - To downstream: {"sessionId":"738b5e2bf1e0e4f562cc494eb16e71aa","status":0,"value":null}
19:37:26.306 INFO - Found handler: org.openqa.selenium.remote.server.ServicedSession@54a64ea4
19:37:26.306 INFO - Handler thread for session 738b5e2bf1e0e4f562cc494eb16e71aa (chrome): Executing POST on /session/738b5e2bf1e0e4f562cc494eb16e71aa/elements (handler: ServicedSession)
19:37:26.308 INFO - To upstream: {"using":"css selector","value":"body"}
19:37:27.155 INFO - To downstream: {"sessionId":"738b5e2bf1e0e4f562cc494eb16e71aa","status":0,"value":[{"ELEMENT":"0.16413886392598864-1"}]}
19:37:27.160 INFO - Found handler: org.openqa.selenium.remote.server.ServicedSession@54a64ea4
19:37:27.160 INFO - Handler thread for session 738b5e2bf1e0e4f562cc494eb16e71aa (chrome): Executing POST on /session/738b5e2bf1e0e4f562cc494eb16e71aa/elements (handler: ServicedSession)
19:37:27.166 INFO - To upstream: {"using":"css selector","value":".header-right"}
19:37:27.184 INFO - To downstream: {"sessionId":"738b5e2bf1e0e4f562cc494eb16e71aa","status":0,"value":[{"ELEMENT":"0.16413886392598864-5"},{"ELEMENT":"0.16413886392598864-6"}]}
19:37:27.187 INFO - Found handler: org.openqa.selenium.remote.server.ServicedSession@54a64ea4
19:37:27.187 INFO - Handler thread for session 738b5e2bf1e0e4f562cc494eb16e71aa (chrome): Executing GET on /session/738b5e2bf1e0e4f562cc494eb16e71aa/element/0.16413886392598864-5/displayed (handler: ServicedSession)
19:37:27.204 INFO - To downstream: {"sessionId":"738b5e2bf1e0e4f562cc494eb16e71aa","status":0,"value":true}
19:37:29.205 INFO - Found handler: org.openqa.selenium.remote.server.ServicedSession@54a64ea4
19:37:29.205 INFO - Handler thread for session 738b5e2bf1e0e4f562cc494eb16e71aa (chrome): Executing POST on /session/738b5e2bf1e0e4f562cc494eb16e71aa/element (handler: ServicedSession)
19:37:29.207 INFO - To upstream: {"using":"css selector","value":".header-right"}
19:37:29.223 INFO - To downstream: {"sessionId":"738b5e2bf1e0e4f562cc494eb16e71aa","status":0,"value":{"ELEMENT":"0.16413886392598864-5"}}
19:37:29.226 INFO - Found handler: org.openqa.selenium.remote.server.ServicedSession@54a64ea4
19:37:29.226 INFO - Handler thread for session 738b5e2bf1e0e4f562cc494eb16e71aa (chrome): Executing POST on /session/738b5e2bf1e0e4f562cc494eb16e71aa/moveto (handler: ServicedSession)
19:37:29.227 INFO - To upstream: {"element":"0.16413886392598864-5","xoffset":5,"yoffset":5}
19:37:29.246 INFO - To downstream: {"sessionId":"738b5e2bf1e0e4f562cc494eb16e71aa","status":0,"value":null}
19:37:29.249 INFO - Found handler: org.openqa.selenium.remote.server.ServicedSession@54a64ea4
19:37:29.249 INFO - Handler thread for session 738b5e2bf1e0e4f562cc494eb16e71aa (chrome): Executing POST on /session/738b5e2bf1e0e4f562cc494eb16e71aa/element (handler: ServicedSession)
19:37:29.250 INFO - To upstream: {"using":"css selector","value":".header-right"}
19:37:29.258 INFO - To downstream: {"sessionId":"738b5e2bf1e0e4f562cc494eb16e71aa","status":0,"value":{"ELEMENT":"0.16413886392598864-5"}}
19:37:29.261 INFO - Found handler: org.openqa.selenium.remote.server.ServicedSession@54a64ea4
19:37:29.261 INFO - Handler thread for session 738b5e2bf1e0e4f562cc494eb16e71aa (chrome): Executing POST on /session/738b5e2bf1e0e4f562cc494eb16e71aa/element/0.16413886392598864-5/click (handler: ServicedSession)
19:37:29.262 INFO - To upstream: 
19:37:29.345 INFO - To downstream: {"sessionId":"738b5e2bf1e0e4f562cc494eb16e71aa","status":0,"value":null}
19:37:31.346 INFO - Found handler: org.openqa.selenium.remote.server.ServicedSession@54a64ea4
19:37:31.346 INFO - Handler thread for session 738b5e2bf1e0e4f562cc494eb16e71aa (chrome): Executing POST on /session/738b5e2bf1e0e4f562cc494eb16e71aa/elements (handler: ServicedSession)
19:37:31.347 INFO - To upstream: {"using":"css selector","value":"#headerDropDown"}
19:37:31.363 INFO - To downstream: {"sessionId":"738b5e2bf1e0e4f562cc494eb16e71aa","status":0,"value":[{"ELEMENT":"0.16413886392598864-7"}]}
19:37:31.366 INFO - Found handler: org.openqa.selenium.remote.server.ServicedSession@54a64ea4
19:37:31.367 INFO - Handler thread for session 738b5e2bf1e0e4f562cc494eb16e71aa (chrome): Executing GET on /session/738b5e2bf1e0e4f562cc494eb16e71aa/element/0.16413886392598864-7/displayed (handler: ServicedSession)
19:37:31.384 INFO - To downstream: {"sessionId":"738b5e2bf1e0e4f562cc494eb16e71aa","status":0,"value":true}
19:37:31.387 INFO - Found handler: org.openqa.selenium.remote.server.ServicedSession@54a64ea4
19:37:31.387 INFO - Handler thread for session 738b5e2bf1e0e4f562cc494eb16e71aa (chrome): Executing POST on /session/738b5e2bf1e0e4f562cc494eb16e71aa/element (handler: ServicedSession)
19:37:31.388 INFO - To upstream: {"using":"css selector","value":"li[ng-click=\"logout()\"]"}
19:37:31.405 INFO - To downstream: {"sessionId":"738b5e2bf1e0e4f562cc494eb16e71aa","status":0,"value":{"ELEMENT":"0.16413886392598864-8"}}
19:37:31.408 INFO - Found handler: org.openqa.selenium.remote.server.ServicedSession@54a64ea4
19:37:31.408 INFO - Handler thread for session 738b5e2bf1e0e4f562cc494eb16e71aa (chrome): Executing POST on /session/738b5e2bf1e0e4f562cc494eb16e71aa/element/0.16413886392598864-8/click (handler: ServicedSession)
19:37:31.409 INFO - To upstream: 
19:37:31.460 INFO - To downstream: {"sessionId":"738b5e2bf1e0e4f562cc494eb16e71aa","status":0,"value":null}
19:37:36.457 INFO - Found handler: org.openqa.selenium.remote.server.ServicedSession@54a64ea4
19:37:36.457 INFO - Handler thread for session 738b5e2bf1e0e4f562cc494eb16e71aa (chrome): Executing DELETE on /session/738b5e2bf1e0e4f562cc494eb16e71aa (handler: ServicedSession)
19:37:36.581 INFO - To downstream: {"sessionId":"738b5e2bf1e0e4f562cc494eb16e71aa","status":0,"value":null}
19:37:36.585 INFO - Removing session org.openqa.selenium.remote.server.ServicedSession@54a64ea4
